[INFO  - 2017-12-26T08:47:28.766Z] GhostDriver - Main - running on port 54992
[INFO  - 2017-12-26T08:47:32.102Z] Session [695ddad0-ea19-11e7-a72b-853b6c566651] - page.settings - {"XSSAuditingEnabled":false,"javascriptCanCloseWindows":true,"javascriptCanOpenWindows":true,"javascriptEnabled":true,"loadImages":true,"localToRemoteUrlAccessEnabled":false,"userAgent":"Mozilla/5.0 (Windows NT 6.2; WOW64) AppleWebKit/538.1 (KHTML, like Gecko) PhantomJS/2.1.1 Safari/538.1","webSecurityEnabled":true}
[INFO  - 2017-12-26T08:47:32.102Z] Session [695ddad0-ea19-11e7-a72b-853b6c566651] - page.customHeaders:  - {}
[INFO  - 2017-12-26T08:47:32.102Z] Session [695ddad0-ea19-11e7-a72b-853b6c566651] - Session.negotiatedCapabilities - {"browserName":"phantomjs","version":"2.1.1","driverName":"ghostdriver","driverVersion":"1.2.0","platform":"windows-10-32bit","javascriptEnabled":true,"takesScreenshot":true,"handlesAlerts":false,"databaseEnabled":false,"locationContextEnabled":false,"applicationCacheEnabled":false,"browserConnectionEnabled":false,"cssSelectorsEnabled":true,"webStorageEnabled":false,"rotatable":false,"acceptSslCerts":false,"nativeEvents":true,"proxy":{"proxyType":"direct"}}
[INFO  - 2017-12-26T08:47:32.102Z] SessionManagerReqHand - _postNewSessionCommand - New Session Created: 695ddad0-ea19-11e7-a72b-853b6c566651
[ERROR - 2017-12-26T08:47:33.022Z] WebElementLocator - _handleLocateCommand - Element(s) NOT Found: GAVE UP. Search Stop Time: 1514278053016

  phantomjs://platform/console++.js:263 in error
[ERROR - 2017-12-26T08:47:40.375Z] WebElementLocator - _handleLocateCommand - Element(s) NOT Found: GAVE UP. Search Stop Time: 1514278060322

  phantomjs://platform/console++.js:263 in error
[ERROR - 2017-12-26T08:48:01.744Z] WebElementLocator - _handleLocateCommand - Element(s) NOT Found: GAVE UP. Search Stop Time: 1514278081694

  phantomjs://platform/console++.js:263 in error
[ERROR - 2017-12-26T08:48:15.275Z] WebElementLocator - _handleLocateCommand - Element(s) NOT Found: GAVE UP. Search Stop Time: 1514278095234

  phantomjs://platform/console++.js:263 in error
[ERROR - 2017-12-26T08:48:27.861Z] WebElementLocator - _handleLocateCommand - Element(s) NOT Found: GAVE UP. Search Stop Time: 1514278107835

  phantomjs://platform/console++.js:263 in error
[ERROR - 2017-12-26T08:48:40.578Z] WebElementLocator - _handleLocateCommand - Element(s) NOT Found: GAVE UP. Search Stop Time: 1514278120546

  phantomjs://platform/console++.js:263 in error
[ERROR - 2017-12-26T08:48:52.973Z] WebElementLocator - _handleLocateCommand - Element(s) NOT Found: GAVE UP. Search Stop Time: 1514278132913

  phantomjs://platform/console++.js:263 in error
[ERROR - 2017-12-26T08:49:05.777Z] WebElementLocator - _handleLocateCommand - Element(s) NOT Found: GAVE UP. Search Stop Time: 1514278145735

  phantomjs://platform/console++.js:263 in error
[ERROR - 2017-12-26T08:49:18.553Z] WebElementLocator - _handleLocateCommand - Element(s) NOT Found: GAVE UP. Search Stop Time: 1514278158513

  phantomjs://platform/console++.js:263 in error
[ERROR - 2017-12-26T08:49:31.228Z] WebElementLocator - _handleLocateCommand - Element(s) NOT Found: GAVE UP. Search Stop Time: 1514278171211

  phantomjs://platform/console++.js:263 in error
[ERROR - 2017-12-26T08:49:43.622Z] WebElementLocator - _handleLocateCommand - Element(s) NOT Found: GAVE UP. Search Stop Time: 1514278183596

  phantomjs://platform/console++.js:263 in error
[ERROR - 2017-12-26T08:49:56.797Z] WebElementLocator - _handleLocateCommand - Element(s) NOT Found: GAVE UP. Search Stop Time: 1514278196745

  phantomjs://platform/console++.js:263 in error
[ERROR - 2017-12-26T08:50:09.244Z] WebElementLocator - _handleLocateCommand - Element(s) NOT Found: GAVE UP. Search Stop Time: 1514278209229

  phantomjs://platform/console++.js:263 in error
[ERROR - 2017-12-26T08:50:21.845Z] WebElementLocator - _handleLocateCommand - Element(s) NOT Found: GAVE UP. Search Stop Time: 1514278221817

  phantomjs://platform/console++.js:263 in error
[ERROR - 2017-12-26T08:50:34.331Z] WebElementLocator - _handleLocateCommand - Element(s) NOT Found: GAVE UP. Search Stop Time: 1514278234306

  phantomjs://platform/console++.js:263 in error
[ERROR - 2017-12-26T08:50:47.024Z] WebElementLocator - _handleLocateCommand - Element(s) NOT Found: GAVE UP. Search Stop Time: 1514278246995

  phantomjs://platform/console++.js:263 in error
[ERROR - 2017-12-26T08:50:59.548Z] WebElementLocator - _handleLocateCommand - Element(s) NOT Found: GAVE UP. Search Stop Time: 1514278259501

  phantomjs://platform/console++.js:263 in error
[ERROR - 2017-12-26T08:51:12.246Z] WebElementLocator - _handleLocateCommand - Element(s) NOT Found: GAVE UP. Search Stop Time: 1514278272217

  phantomjs://platform/console++.js:263 in error
[ERROR - 2017-12-26T08:51:24.603Z] WebElementLocator - _handleLocateCommand - Element(s) NOT Found: GAVE UP. Search Stop Time: 1514278284596

  phantomjs://platform/console++.js:263 in error
[ERROR - 2017-12-26T08:51:37.216Z] WebElementLocator - _handleLocateCommand - Element(s) NOT Found: GAVE UP. Search Stop Time: 1514278297212

  phantomjs://platform/console++.js:263 in error
[ERROR - 2017-12-26T08:51:49.623Z] WebElementLocator - _handleLocateCommand - Element(s) NOT Found: GAVE UP. Search Stop Time: 1514278309620

  phantomjs://platform/console++.js:263 in error
[ERROR - 2017-12-26T08:52:02.348Z] WebElementLocator - _handleLocateCommand - Element(s) NOT Found: GAVE UP. Search Stop Time: 1514278322299

  phantomjs://platform/console++.js:263 in error
[ERROR - 2017-12-26T08:52:14.742Z] WebElementLocator - _handleLocateCommand - Element(s) NOT Found: GAVE UP. Search Stop Time: 1514278334729

  phantomjs://platform/console++.js:263 in error
[ERROR - 2017-12-26T08:52:27.159Z] WebElementLocator - _handleLocateCommand - Element(s) NOT Found: GAVE UP. Search Stop Time: 1514278347108

  phantomjs://platform/console++.js:263 in error
[INFO  - 2017-12-26T08:52:29.542Z] SessionManagerReqHand - _cleanupWindowlessSessions - Asynchronous Sessions clean-up phase starting NOW
[ERROR - 2017-12-26T08:52:39.870Z] WebElementLocator - _handleLocateCommand - Element(s) NOT Found: GAVE UP. Search Stop Time: 1514278359836

  phantomjs://platform/console++.js:263 in error
[ERROR - 2017-12-26T08:52:52.313Z] WebElementLocator - _handleLocateCommand - Element(s) NOT Found: GAVE UP. Search Stop Time: 1514278372269

  phantomjs://platform/console++.js:263 in error
[ERROR - 2017-12-26T08:53:05.063Z] WebElementLocator - _handleLocateCommand - Element(s) NOT Found: GAVE UP. Search Stop Time: 1514278384994

  phantomjs://platform/console++.js:263 in error
[ERROR - 2017-12-26T08:53:17.502Z] WebElementLocator - _handleLocateCommand - Element(s) NOT Found: GAVE UP. Search Stop Time: 1514278397465

  phantomjs://platform/console++.js:263 in error
[ERROR - 2017-12-26T08:53:30.325Z] WebElementLocator - _handleLocateCommand - Element(s) NOT Found: GAVE UP. Search Stop Time: 1514278410282

  phantomjs://platform/console++.js:263 in error
[ERROR - 2017-12-26T08:53:43.105Z] WebElementLocator - _handleLocateCommand - Element(s) NOT Found: GAVE UP. Search Stop Time: 1514278423043

  phantomjs://platform/console++.js:263 in error
[ERROR - 2017-12-26T08:53:55.482Z] WebElementLocator - _handleLocateCommand - Element(s) NOT Found: GAVE UP. Search Stop Time: 1514278435425

  phantomjs://platform/console++.js:263 in error
[ERROR - 2017-12-26T08:54:07.852Z] WebElementLocator - _handleLocateCommand - Element(s) NOT Found: GAVE UP. Search Stop Time: 1514278447829

  phantomjs://platform/console++.js:263 in error
[ERROR - 2017-12-26T08:54:20.525Z] WebElementLocator - _handleLocateCommand - Element(s) NOT Found: GAVE UP. Search Stop Time: 1514278460468

  phantomjs://platform/console++.js:263 in error
[ERROR - 2017-12-26T08:54:32.939Z] WebElementLocator - _handleLocateCommand - Element(s) NOT Found: GAVE UP. Search Stop Time: 1514278472905

  phantomjs://platform/console++.js:263 in error
[ERROR - 2017-12-26T08:54:46.058Z] WebElementLocator - _handleLocateCommand - Element(s) NOT Found: GAVE UP. Search Stop Time: 1514278486056

  phantomjs://platform/console++.js:263 in error
[ERROR - 2017-12-26T08:54:58.599Z] WebElementLocator - _handleLocateCommand - Element(s) NOT Found: GAVE UP. Search Stop Time: 1514278498553

  phantomjs://platform/console++.js:263 in error
[ERROR - 2017-12-26T08:55:10.985Z] WebElementLocator - _handleLocateCommand - Element(s) NOT Found: GAVE UP. Search Stop Time: 1514278510937

  phantomjs://platform/console++.js:263 in error
[ERROR - 2017-12-26T08:55:23.534Z] WebElementLocator - _handleLocateCommand - Element(s) NOT Found: GAVE UP. Search Stop Time: 1514278523533

  phantomjs://platform/console++.js:263 in error
[ERROR - 2017-12-26T08:55:35.903Z] WebElementLocator - _handleLocateCommand - Element(s) NOT Found: GAVE UP. Search Stop Time: 1514278535875

  phantomjs://platform/console++.js:263 in error
[ERROR - 2017-12-26T08:55:48.230Z] WebElementLocator - _handleLocateCommand - Element(s) NOT Found: GAVE UP. Search Stop Time: 1514278548204

  phantomjs://platform/console++.js:263 in error
[ERROR - 2017-12-26T08:56:00.650Z] WebElementLocator - _handleLocateCommand - Element(s) NOT Found: GAVE UP. Search Stop Time: 1514278560539

  phantomjs://platform/console++.js:263 in error
[ERROR - 2017-12-26T08:56:16.517Z] WebElementLocator - _handleLocateCommand - Element(s) NOT Found: GAVE UP. Search Stop Time: 1514278576491

  phantomjs://platform/console++.js:263 in error
